0 info it worked if it ends with ok
1 verbose cli [ '/usr/bin/nodejs', '/usr/bin/npm', 'install', '-g', 'jshint' ]
2 info using npm@1.3.10
3 info using node@v0.10.25
4 verbose cache add [ 'jshint', null ]
5 verbose cache add name=undefined spec="jshint" args=["jshint",null]
6 verbose parsed url { protocol: null,
6 verbose parsed url   slashes: null,
6 verbose parsed url   auth: null,
6 verbose parsed url   host: null,
6 verbose parsed url   port: null,
6 verbose parsed url   hostname: null,
6 verbose parsed url   hash: null,
6 verbose parsed url   search: null,
6 verbose parsed url   query: null,
6 verbose parsed url   pathname: 'jshint',
6 verbose parsed url   path: 'jshint',
6 verbose parsed url   href: 'jshint' }
7 silly lockFile da5c03cb-jshint jshint
8 verbose lock jshint /home/vagrant/.npm/da5c03cb-jshint.lock
9 silly lockFile da5c03cb-jshint jshint
10 silly lockFile da5c03cb-jshint jshint
11 verbose addNamed [ 'jshint', '' ]
12 verbose addNamed [ null, '*' ]
13 silly lockFile a02a2468-jshint jshint@
14 verbose lock jshint@ /home/vagrant/.npm/a02a2468-jshint.lock
15 silly addNameRange { name: 'jshint', range: '*', hasData: false }
16 verbose url raw jshint
17 verbose url resolving [ 'http://registry.npmjs.org/', './jshint' ]
18 verbose url resolved http://registry.npmjs.org/jshint
19 info trying registry request attempt 1 at 11:51:29
20 http GET http://registry.npmjs.org/jshint
21 http 200 http://registry.npmjs.org/jshint
22 silly registry.get cb [ 200,
22 silly registry.get   { server: 'nginx/1.10.1',
22 silly registry.get     'content-type': 'application/json',
22 silly registry.get     'last-modified': 'Tue, 25 Jul 2017 17:07:10 GMT',
22 silly registry.get     etag: '"59777abe-1e1b1"',
22 silly registry.get     'cache-control': 'max-age=300',
22 silly registry.get     'content-length': '123313',
22 silly registry.get     'accept-ranges': 'bytes',
22 silly registry.get     date: 'Fri, 28 Jul 2017 12:03:55 GMT',
22 silly registry.get     via: '1.1 varnish',
22 silly registry.get     age: '0',
22 silly registry.get     connection: 'keep-alive',
22 silly registry.get     'x-served-by': 'cache-jnb7521-JNB',
22 silly registry.get     'x-cache': 'HIT',
22 silly registry.get     'x-cache-hits': '1',
22 silly registry.get     'x-timer': 'S1501243435.246079,VS0,VE216',
22 silly registry.get     vary: 'Accept-Encoding, Accept' } ]
23 silly addNameRange number 2 { name: 'jshint', range: '*', hasData: true }
24 silly addNameRange versions [ 'jshint',
24 silly addNameRange   [ '0.1.8',
24 silly addNameRange     '0.1.9',
24 silly addNameRange     '0.2.0',
24 silly addNameRange     '0.2.1',
24 silly addNameRange     '0.2.2',
24 silly addNameRange     '0.2.3',
24 silly addNameRange     '0.3.0',
24 silly addNameRange     '0.3.1',
24 silly addNameRange     '0.4.0',
24 silly addNameRange     '0.5.0',
24 silly addNameRange     '0.5.1',
24 silly addNameRange     '0.5.2',
24 silly addNameRange     '0.5.3',
24 silly addNameRange     '0.5.4',
24 silly addNameRange     '0.5.5',
24 silly addNameRange     '0.5.6',
24 silly addNameRange     '0.5.7',
24 silly addNameRange     '0.5.8',
24 silly addNameRange     '0.5.9',
24 silly addNameRange     '0.6.0',
24 silly addNameRange     '0.6.1',
24 silly addNameRange     '0.6.2',
24 silly addNameRange     '0.6.3',
24 silly addNameRange     '0.7.0',
24 silly addNameRange     '0.7.1',
24 silly addNameRange     '0.7.2',
24 silly addNameRange     '0.7.3',
24 silly addNameRange     '0.8.0',
24 silly addNameRange     '0.8.1',
24 silly addNameRange     '0.8.2',
24 silly addNameRange     '0.9.0',
24 silly addNameRange     '0.9.1',
24 silly addNameRange     '1.0.0',
24 silly addNameRange     '1.1.0',
24 silly addNameRange     '2.0.0',
24 silly addNameRange     '2.0.1',
24 silly addNameRange     '2.1.0',
24 silly addNameRange     '2.1.1',
24 silly addNameRange     '2.1.2',
24 silly addNameRange     '2.1.3',
24 silly addNameRange     '2.1.4',
24 silly addNameRange     '2.1.5',
24 silly addNameRange     '2.1.6',
24 silly addNameRange     '2.1.7',
24 silly addNameRange     '2.1.8',
24 silly addNameRange     '2.1.9',
24 silly addNameRange     '2.1.10',
24 silly addNameRange     '2.1.11',
24 silly addNameRange     '2.2.0',
24 silly addNameRange     '2.3.0',
24 silly addNameRange     '2.4.0',
24 silly addNameRange     '2.4.1',
24 silly addNameRange     '2.4.2',
24 silly addNameRange     '2.4.3',
24 silly addNameRange     '2.4.4',
24 silly addNameRange     '2.5.0',
24 silly addNameRange     '2.5.1',
24 silly addNameRange     '2.5.2',
24 silly addNameRange     '2.5.3',
24 silly addNameRange     '2.5.4',
24 silly addNameRange     '2.5.5',
24 silly addNameRange     '2.5.6',
24 silly addNameRange     '2.5.7',
24 silly addNameRange     '2.5.8',
24 silly addNameRange     '2.5.9',
24 silly addNameRange     '2.5.10',
24 silly addNameRange     '2.5.11',
24 silly addNameRange     '2.6.0',
24 silly addNameRange     '2.6.1',
24 silly addNameRange     '2.6.2',
24 silly addNameRange     '2.6.3',
24 silly addNameRange     '2.7.0',
24 silly addNameRange     '2.8.0',
24 silly addNameRange     '2.9.1-rc1',
24 silly addNameRange     '2.9.1-rc2',
24 silly addNameRange     '2.9.1-rc3',
24 silly addNameRange     '2.9.1',
24 silly addNameRange     '2.9.2',
24 silly addNameRange     '2.9.3',
24 silly addNameRange     '2.9.4',
24 silly addNameRange     '2.9.5' ] ]
25 verbose addNamed [ 'jshint', '2.9.5' ]
26 verbose addNamed [ '2.9.5', '2.9.5' ]
27 silly lockFile 4378ca7b-jshint-2-9-5 jshint@2.9.5
28 verbose lock jshint@2.9.5 /home/vagrant/.npm/4378ca7b-jshint-2-9-5.lock
29 silly lockFile 7d5deb31-pmjs-org-jshint-jshint-2-9-5-tgz http://registry.npmjs.org/jshint/-/jshint-2.9.5.tgz
30 verbose lock http://registry.npmjs.org/jshint/-/jshint-2.9.5.tgz /home/vagrant/.npm/7d5deb31-pmjs-org-jshint-jshint-2-9-5-tgz.lock
31 verbose addRemoteTarball [ 'http://registry.npmjs.org/jshint/-/jshint-2.9.5.tgz',
31 verbose addRemoteTarball   '1e7252915ce681b40827ee14248c46d34e9aa62c' ]
32 silly lockFile 7d5deb31-pmjs-org-jshint-jshint-2-9-5-tgz http://registry.npmjs.org/jshint/-/jshint-2.9.5.tgz
33 silly lockFile 7d5deb31-pmjs-org-jshint-jshint-2-9-5-tgz http://registry.npmjs.org/jshint/-/jshint-2.9.5.tgz
34 silly lockFile 4378ca7b-jshint-2-9-5 jshint@2.9.5
35 silly lockFile 4378ca7b-jshint-2-9-5 jshint@2.9.5
36 silly lockFile a02a2468-jshint jshint@
37 silly lockFile a02a2468-jshint jshint@
38 error Error: EACCES, mkdir '/home/vagrant/tmp/npm-18915-OMdf6VBr'
38 error  { [Error: EACCES, mkdir '/home/vagrant/tmp/npm-18915-OMdf6VBr']
38 error   errno: 3,
38 error   code: 'EACCES',
38 error   path: '/home/vagrant/tmp/npm-18915-OMdf6VBr' }
39 error Please try running this command again as root/Administrator.
40 error System Linux 3.13.0-123-generic
41 error command "/usr/bin/nodejs" "/usr/bin/npm" "install" "-g" "jshint"
42 error cwd /home/vagrant/Code/Javascript_tests_28-July-2017
43 error node -v v0.10.25
44 error npm -v 1.3.10
45 error path /home/vagrant/tmp/npm-18915-OMdf6VBr
46 error code EACCES
47 error errno 3
48 error stack Error: EACCES, mkdir '/home/vagrant/tmp/npm-18915-OMdf6VBr'
49 verbose exit [ 3, true ]
